0 info it worked if it ends with ok
1 verbose cli [ 'C:\\Program Files\\nodejs\\node.exe',
1 verbose cli   'C:\\Program Files\\nodejs\\node_modules\\npm\\bin\\npm-cli.js',
1 verbose cli   'adduser' ]
2 info using npm@3.10.10
3 info using node@v6.12.2
4 verbose adduser before first PUT { _id: 'org.couchdb.user:will',
4 verbose adduser   name: 'will',
4 verbose adduser   password: 'XXXXX',
4 verbose adduser   email: '741715678@qq.com',
4 verbose adduser   type: 'user',
4 verbose adduser   roles: [],
4 verbose adduser   date: '2018-11-15T10:38:00.268Z' }
5 verbose request uri https://registry.npmjs.org/-/user/org.couchdb.user:will
6 verbose request new user, so can't send auth
7 info attempt registry request try #1 at 18:38:00
8 verbose request id 09e10f743cca2dec
9 http request PUT https://registry.npmjs.org/-/user/org.couchdb.user:will
10 http 401 https://registry.npmjs.org/-/user/org.couchdb.user:will
11 verbose headers { date: 'Thu, 15 Nov 2018 10:38:01 GMT',
11 verbose headers   'content-type': 'application/json',
11 verbose headers   'content-length': '46',
11 verbose headers   connection: 'keep-alive',
11 verbose headers   'set-cookie': [ '__cfduid=d2f62fcf321d0a7e7ba1137e8c62b7dc11542278280; expires=Fri, 15-Nov-19 10:38:00 GMT; path=/; domain=.registry.npmjs.org; HttpOnly' ],
11 verbose headers   'cf-ray': '47a115f7feab6d66-SJC',
11 verbose headers   'expect-ct': 'max-age=604800, report-uri="https://report-uri.cloudflare.com/cdn-cgi/beacon/expect-ct"',
11 verbose headers   'www-authenticate': 'Basic',
11 verbose headers   vary: 'Accept-Encoding',
11 verbose headers   server: 'cloudflare' }
12 verbose request invalidating C:\Users\Administrator.SC-201809030957\AppData\Roaming\npm-cache\registry.npmjs.org\-\user\org.couchdb.user_3Awill on PUT
13 verbose adduser back [ { Error: Registry returned 401 for PUT on https://registry.npmjs.org/-/user/org.couchdb.user:will
13 verbose adduser       at makeError (E:\nvm\v6.12.2\node_modules\npm\node_modules\npm-registry-client\lib\request.js:302:12)
13 verbose adduser       at CachingRegistryClient.<anonymous> (E:\nvm\v6.12.2\node_modules\npm\node_modules\npm-registry-client\lib\request.js:280:14)
13 verbose adduser       at Request._callback (E:\nvm\v6.12.2\node_modules\npm\node_modules\npm-registry-client\lib\request.js:210:14)
13 verbose adduser       at Request.self.callback (E:\nvm\v6.12.2\node_modules\npm\node_modules\request\request.js:187:22)
13 verbose adduser       at emitTwo (events.js:106:13)
13 verbose adduser       at Request.emit (events.js:191:7)
13 verbose adduser       at Request.<anonymous> (E:\nvm\v6.12.2\node_modules\npm\node_modules\request\request.js:1048:10)
13 verbose adduser       at emitOne (events.js:96:13)
13 verbose adduser       at Request.emit (events.js:188:7)
13 verbose adduser       at IncomingMessage.<anonymous> (E:\nvm\v6.12.2\node_modules\npm\node_modules\request\request.js:969:12) statusCode: 401, code: 'E401' },
13 verbose adduser   { ok: false, id: 'org.couchdb.user:undefined' },
13 verbose adduser   '{"ok":false,"id":"org.couchdb.user:undefined"}' ]
14 warn adduser Incorrect username or password
14 warn adduser You can reset your account by visiting:
14 warn adduser
14 warn adduser     https://npmjs.org/forgot
15 verbose stack Error: Registry returned 401 for PUT on https://registry.npmjs.org/-/user/org.couchdb.user:will
15 verbose stack     at makeError (E:\nvm\v6.12.2\node_modules\npm\node_modules\npm-registry-client\lib\request.js:302:12)
15 verbose stack     at CachingRegistryClient.<anonymous> (E:\nvm\v6.12.2\node_modules\npm\node_modules\npm-registry-client\lib\request.js:280:14)
15 verbose stack     at Request._callback (E:\nvm\v6.12.2\node_modules\npm\node_modules\npm-registry-client\lib\request.js:210:14)
15 verbose stack     at Request.self.callback (E:\nvm\v6.12.2\node_modules\npm\node_modules\request\request.js:187:22)
15 verbose stack     at emitTwo (events.js:106:13)
15 verbose stack     at Request.emit (events.js:191:7)
15 verbose stack     at Request.<anonymous> (E:\nvm\v6.12.2\node_modules\npm\node_modules\request\request.js:1048:10)
15 verbose stack     at emitOne (events.js:96:13)
15 verbose stack     at Request.emit (events.js:188:7)
15 verbose stack     at IncomingMessage.<anonymous> (E:\nvm\v6.12.2\node_modules\npm\node_modules\request\request.js:969:12)
16 verbose statusCode 401
17 verbose cwd e:\nvm\v6.12.2\node_modules\fis3-deploy-local-deliver-ifweb
18 error Windows_NT 10.0.16299
19 error argv "C:\\Program Files\\nodejs\\node.exe" "C:\\Program Files\\nodejs\\node_modules\\npm\\bin\\npm-cli.js" "adduser"
20 error node v6.12.2
21 error npm  v3.10.10
22 error code E401
23 error Registry returned 401 for PUT on https://registry.npmjs.org/-/user/org.couchdb.user:will
24 error If you need help, you may report this error at:
24 error     <https://github.com/npm/npm/issues>
25 verbose exit [ 1, true ]
